SLF4J: Class path contains multiple SLF4J bindings.
SLF4J: Found binding in [jar:file:/root/.m2/repository/org/slf4j/slf4j-simple/1.6.3/slf4j-simple-1.6.3.jar!/org/slf4j/impl/StaticLoggerBinder.class]
SLF4J: Found binding in [jar:file:/nopol/nopol/target/nopol-0.2-SNAPSHOT-jar-with-dependencies.jar!/org/slf4j/impl/StaticLoggerBinder.class]
SLF4J: See http://www.slf4j.org/codes.html#multiple_bindings for an explanation.
java.io.IOException: Error while analyzing ./ with JaCoCo 0.8.8.202204050719/5dcf34a.
	at org.jacoco.core.analysis.Analyzer.analyzerError(Analyzer.java:163)
	at org.jacoco.core.analysis.Analyzer.analyzeClass(Analyzer.java:135)
	at org.jacoco.core.analysis.Analyzer.analyzeClass(Analyzer.java:158)
	at eu.stamp_project.testrunner.listener.impl.CoverageCollectorDetailedCompressed.transformJacocoObject(CoverageCollectorDetailedCompressed.java:32)
	at eu.stamp_project.testrunner.listener.impl.CoverageCollectorDetailedCompressed.transformJacocoObject(CoverageCollectorDetailedCompressed.java:21)
	at eu.stamp_project.testrunner.listener.impl.OnlineCoveredTestResultPerTestMethodImpl.lambda$computeCoverages$4(OnlineCoveredTestResultPerTestMethodImpl.java:155)
	at java.base/java.util.stream.ForEachOps$ForEachOp$OfRef.accept(ForEachOps.java:183)
	at java.base/java.util.HashMap$EntrySpliterator.forEachRemaining(HashMap.java:1764)
	at java.base/java.util.stream.AbstractPipeline.copyInto(AbstractPipeline.java:484)
	at java.base/java.util.stream.ForEachOps$ForEachTask.compute(ForEachOps.java:290)
	at java.base/java.util.concurrent.CountedCompleter.exec(CountedCompleter.java:746)
	at java.base/java.util.concurrent.ForkJoinTask.doExec(ForkJoinTask.java:290)
	at java.base/java.util.concurrent.ForkJoinTask.doInvoke(ForkJoinTask.java:408)
	at java.base/java.util.concurrent.ForkJoinTask.invoke(ForkJoinTask.java:736)
	at java.base/java.util.stream.ForEachOps$ForEachOp.evaluateParallel(ForEachOps.java:159)
	at java.base/java.util.stream.ForEachOps$ForEachOp$OfRef.evaluateParallel(ForEachOps.java:173)
	at java.base/java.util.stream.AbstractPipeline.evaluate(AbstractPipeline.java:233)
	at java.base/java.util.stream.ReferencePipeline.forEach(ReferencePipeline.java:497)
	at java.base/java.util.stream.ReferencePipeline$Head.forEach(ReferencePipeline.java:661)
	at eu.stamp_project.testrunner.listener.impl.OnlineCoveredTestResultPerTestMethodImpl.computeCoverages(OnlineCoveredTestResultPerTestMethodImpl.java:154)
	at eu.stamp_project.testrunner.listener.junit4.OnlineCoveredTestResultsPerJUnit4TestMethod.computeCoverages(OnlineCoveredTestResultsPerJUnit4TestMethod.java:130)
	at eu.stamp_project.testrunner.runner.coverage.JUnit4OnlineJacocoRunner.executeCoveredTestPerTestMethod(JUnit4OnlineJacocoRunner.java:47)
	at eu.stamp_project.testrunner.runner.coverage.JacocoOnlineRunner.runCoveredTestResultPerTestMethod(JacocoOnlineRunner.java:57)
	at eu.stamp_project.testrunner.runner.coverage.JUnit4OnlineJacocoRunner.main(JUnit4OnlineJacocoRunner.java:59)
Caused by: java.lang.IllegalArgumentException
	at org.objectweb.asm.ClassVisitor.<init>(Unknown Source)
	at org.jacoco.core.internal.flow.ClassProbesVisitor.<init>(ClassProbesVisitor.java:38)
	at org.jacoco.core.internal.flow.ClassProbesVisitor.<init>(ClassProbesVisitor.java:28)
	at org.jacoco.core.internal.analysis.ClassAnalyzer.<init>(ClassAnalyzer.java:59)
	at org.jacoco.core.analysis.Analyzer$1.<init>(Analyzer.java:98)
	at org.jacoco.core.analysis.Analyzer.createAnalyzingVisitor(Analyzer.java:95)
	at org.jacoco.core.analysis.Analyzer.analyzeClass(Analyzer.java:115)
	at org.jacoco.core.analysis.Analyzer.analyzeClass(Analyzer.java:133)
	... 22 more
java.io.IOException: Error while analyzing ./ with JaCoCo 0.8.8.202204050719/5dcf34a.
	at org.jacoco.core.analysis.Analyzer.analyzerError(Analyzer.java:163)
	at org.jacoco.core.analysis.Analyzer.analyzeClass(Analyzer.java:135)
	at org.jacoco.core.analysis.Analyzer.analyzeClass(Analyzer.java:158)
	at eu.stamp_project.testrunner.listener.impl.CoverageCollectorDetailedCompressed.transformJacocoObject(CoverageCollectorDetailedCompressed.java:32)
	at eu.stamp_project.testrunner.listener.impl.CoverageCollectorDetailedCompressed.transformJacocoObject(CoverageCollectorDetailedCompressed.java:21)
	at eu.stamp_project.testrunner.listener.impl.OnlineCoveredTestResultPerTestMethodImpl.lambda$computeCoverages$4(OnlineCoveredTestResultPerTestMethodImpl.java:155)
	at java.base/java.util.stream.ForEachOps$ForEachOp$OfRef.accept(ForEachOps.java:183)
	at java.base/java.util.HashMap$EntrySpliterator.forEachRemaining(HashMap.java:1764)
	at java.base/java.util.stream.AbstractPipeline.copyInto(AbstractPipeline.java:484)
	at java.base/java.util.stream.ForEachOps$ForEachTask.compute(ForEachOps.java:290)
	at java.base/java.util.concurrent.CountedCompleter.exec(CountedCompleter.java:746)
	at java.base/java.util.concurrent.ForkJoinTask.doExec(ForkJoinTask.java:290)
	at java.base/java.util.concurrent.ForkJoinTask.doInvoke(ForkJoinTask.java:408)
	at java.base/java.util.concurrent.ForkJoinTask.invoke(ForkJoinTask.java:736)
	at java.base/java.util.stream.ForEachOps$ForEachOp.evaluateParallel(ForEachOps.java:159)
	at java.base/java.util.stream.ForEachOps$ForEachOp$OfRef.evaluateParallel(ForEachOps.java:173)
	at java.base/java.util.stream.AbstractPipeline.evaluate(AbstractPipeline.java:233)
	at java.base/java.util.stream.ReferencePipeline.forEach(ReferencePipeline.java:497)
	at java.base/java.util.stream.ReferencePipeline$Head.forEach(ReferencePipeline.java:661)
	at eu.stamp_project.testrunner.listener.impl.OnlineCoveredTestResultPerTestMethodImpl.computeCoverages(OnlineCoveredTestResultPerTestMethodImpl.java:154)
	at eu.stamp_project.testrunner.listener.junit4.OnlineCoveredTestResultsPerJUnit4TestMethod.computeCoverages(OnlineCoveredTestResultsPerJUnit4TestMethod.java:130)
	at eu.stamp_project.testrunner.runner.coverage.JUnit4OnlineJacocoRunner.executeCoveredTestPerTestMethod(JUnit4OnlineJacocoRunner.java:47)
	at eu.stamp_project.testrunner.runner.coverage.JacocoOnlineRunner.runCoveredTestResultPerTestMethod(JacocoOnlineRunner.java:57)
	at eu.stamp_project.testrunner.runner.coverage.JUnit4OnlineJacocoRunner.main(JUnit4OnlineJacocoRunner.java:59)
Caused by: java.lang.IllegalArgumentException
	at org.objectweb.asm.ClassVisitor.<init>(Unknown Source)
	at org.jacoco.core.internal.flow.ClassProbesVisitor.<init>(ClassProbesVisitor.java:38)
	at org.jacoco.core.internal.flow.ClassProbesVisitor.<init>(ClassProbesVisitor.java:28)
	at org.jacoco.core.internal.analysis.ClassAnalyzer.<init>(ClassAnalyzer.java:59)
	at org.jacoco.core.analysis.Analyzer$1.<init>(Analyzer.java:98)
	at org.jacoco.core.analysis.Analyzer.createAnalyzingVisitor(Analyzer.java:95)
	at org.jacoco.core.analysis.Analyzer.analyzeClass(Analyzer.java:115)
	at org.jacoco.core.analysis.Analyzer.analyzeClass(Analyzer.java:133)
	... 22 more
java.io.IOException: Error while analyzing ./ with JaCoCo 0.8.8.202204050719/5dcf34a.
	at org.jacoco.core.analysis.Analyzer.analyzerError(Analyzer.java:163)
	at org.jacoco.core.analysis.Analyzer.analyzeClass(Analyzer.java:135)
	at org.jacoco.core.analysis.Analyzer.analyzeClass(Analyzer.java:158)
	at eu.stamp_project.testrunner.listener.impl.CoverageCollectorDetailedCompressed.transformJacocoObject(CoverageCollectorDetailedCompressed.java:32)
	at eu.stamp_project.testrunner.listener.impl.CoverageCollectorDetailedCompressed.transformJacocoObject(CoverageCollectorDetailedCompressed.java:21)
	at eu.stamp_project.testrunner.listener.impl.OnlineCoveredTestResultPerTestMethodImpl.lambda$computeCoverages$4(OnlineCoveredTestResultPerTestMethodImpl.java:155)
	at java.base/java.util.stream.ForEachOps$ForEachOp$OfRef.accept(ForEachOps.java:183)
	at java.base/java.util.HashMap$EntrySpliterator.forEachRemaining(HashMap.java:1764)
	at java.base/java.util.stream.AbstractPipeline.copyInto(AbstractPipeline.java:484)
	at java.base/java.util.stream.ForEachOps$ForEachTask.compute(ForEachOps.java:290)
	at java.base/java.util.concurrent.CountedCompleter.exec(CountedCompleter.java:746)
	at java.base/java.util.concurrent.ForkJoinTask.doExec(ForkJoinTask.java:290)
	at java.base/java.util.concurrent.ForkJoinTask.doInvoke(ForkJoinTask.java:408)
	at java.base/java.util.concurrent.ForkJoinTask.invoke(ForkJoinTask.java:736)
	at java.base/java.util.stream.ForEachOps$ForEachOp.evaluateParallel(ForEachOps.java:159)
	at java.base/java.util.stream.ForEachOps$ForEachOp$OfRef.evaluateParallel(ForEachOps.java:173)
	at java.base/java.util.stream.AbstractPipeline.evaluate(AbstractPipeline.java:233)
	at java.base/java.util.stream.ReferencePipeline.forEach(ReferencePipeline.java:497)
	at java.base/java.util.stream.ReferencePipeline$Head.forEach(ReferencePipeline.java:661)
	at eu.stamp_project.testrunner.listener.impl.OnlineCoveredTestResultPerTestMethodImpl.computeCoverages(OnlineCoveredTestResultPerTestMethodImpl.java:154)
	at eu.stamp_project.testrunner.listener.junit4.OnlineCoveredTestResultsPerJUnit4TestMethod.computeCoverages(OnlineCoveredTestResultsPerJUnit4TestMethod.java:130)
	at eu.stamp_project.testrunner.runner.coverage.JUnit4OnlineJacocoRunner.executeCoveredTestPerTestMethod(JUnit4OnlineJacocoRunner.java:47)
	at eu.stamp_project.testrunner.runner.coverage.JacocoOnlineRunner.runCoveredTestResultPerTestMethod(JacocoOnlineRunner.java:57)
	at eu.stamp_project.testrunner.runner.coverage.JUnit4OnlineJacocoRunner.main(JUnit4OnlineJacocoRunner.java:59)
Caused by: java.lang.IllegalArgumentException
	at org.objectweb.asm.ClassVisitor.<init>(Unknown Source)
	at org.jacoco.core.internal.flow.ClassProbesVisitor.<init>(ClassProbesVisitor.java:38)
	at org.jacoco.core.internal.flow.ClassProbesVisitor.<init>(ClassProbesVisitor.java:28)
	at org.jacoco.core.internal.analysis.ClassAnalyzer.<init>(ClassAnalyzer.java:59)
	at org.jacoco.core.analysis.Analyzer$1.<init>(Analyzer.java:98)
	at org.jacoco.core.analysis.Analyzer.createAnalyzingVisitor(Analyzer.java:95)
	at org.jacoco.core.analysis.Analyzer.analyzeClass(Analyzer.java:115)
	at org.jacoco.core.analysis.Analyzer.analyzeClass(Analyzer.java:133)
	... 22 more
java.io.IOException: Error while analyzing ./ with JaCoCo 0.8.8.202204050719/5dcf34a.
	at org.jacoco.core.analysis.Analyzer.analyzerError(Analyzer.java:163)
	at org.jacoco.core.analysis.Analyzer.analyzeClass(Analyzer.java:135)
	at org.jacoco.core.analysis.Analyzer.analyzeClass(Analyzer.java:158)
	at eu.stamp_project.testrunner.listener.impl.CoverageCollectorDetailedCompressed.transformJacocoObject(CoverageCollectorDetailedCompressed.java:32)
	at eu.stamp_project.testrunner.listener.impl.CoverageCollectorDetailedCompressed.transformJacocoObject(CoverageCollectorDetailedCompressed.java:21)
	at eu.stamp_project.testrunner.listener.impl.OnlineCoveredTestResultPerTestMethodImpl.lambda$computeCoverages$4(OnlineCoveredTestResultPerTestMethodImpl.java:155)
	at java.base/java.util.stream.ForEachOps$ForEachOp$OfRef.accept(ForEachOps.java:183)
	at java.base/java.util.HashMap$EntrySpliterator.forEachRemaining(HashMap.java:1764)
	at java.base/java.util.stream.AbstractPipeline.copyInto(AbstractPipeline.java:484)
	at java.base/java.util.stream.ForEachOps$ForEachTask.compute(ForEachOps.java:290)
	at java.base/java.util.concurrent.CountedCompleter.exec(CountedCompleter.java:746)
	at java.base/java.util.concurrent.ForkJoinTask.doExec(ForkJoinTask.java:290)
	at java.base/java.util.concurrent.ForkJoinTask.doInvoke(ForkJoinTask.java:408)
	at java.base/java.util.concurrent.ForkJoinTask.invoke(ForkJoinTask.java:736)
	at java.base/java.util.stream.ForEachOps$ForEachOp.evaluateParallel(ForEachOps.java:159)
	at java.base/java.util.stream.ForEachOps$ForEachOp$OfRef.evaluateParallel(ForEachOps.java:173)
	at java.base/java.util.stream.AbstractPipeline.evaluate(AbstractPipeline.java:233)
	at java.base/java.util.stream.ReferencePipeline.forEach(ReferencePipeline.java:497)
	at java.base/java.util.stream.ReferencePipeline$Head.forEach(ReferencePipeline.java:661)
	at eu.stamp_project.testrunner.listener.impl.OnlineCoveredTestResultPerTestMethodImpl.computeCoverages(OnlineCoveredTestResultPerTestMethodImpl.java:154)
	at eu.stamp_project.testrunner.listener.junit4.OnlineCoveredTestResultsPerJUnit4TestMethod.computeCoverages(OnlineCoveredTestResultsPerJUnit4TestMethod.java:130)
	at eu.stamp_project.testrunner.runner.coverage.JUnit4OnlineJacocoRunner.executeCoveredTestPerTestMethod(JUnit4OnlineJacocoRunner.java:47)
	at eu.stamp_project.testrunner.runner.coverage.JacocoOnlineRunner.runCoveredTestResultPerTestMethod(JacocoOnlineRunner.java:57)
	at eu.stamp_project.testrunner.runner.coverage.JUnit4OnlineJacocoRunner.main(JUnit4OnlineJacocoRunner.java:59)
Caused by: java.lang.IllegalArgumentException
	at org.objectweb.asm.ClassVisitor.<init>(Unknown Source)
	at org.jacoco.core.internal.flow.ClassProbesVisitor.<init>(ClassProbesVisitor.java:38)
	at org.jacoco.core.internal.flow.ClassProbesVisitor.<init>(ClassProbesVisitor.java:28)
	at org.jacoco.core.internal.analysis.ClassAnalyzer.<init>(ClassAnalyzer.java:59)
	at org.jacoco.core.analysis.Analyzer$1.<init>(Analyzer.java:98)
	at org.jacoco.core.analysis.Analyzer.createAnalyzingVisitor(Analyzer.java:95)
	at org.jacoco.core.analysis.Analyzer.analyzeClass(Analyzer.java:115)
	at org.jacoco.core.analysis.Analyzer.analyzeClass(Analyzer.java:133)
	... 22 more
java.io.IOException: Error while analyzing ./ with JaCoCo 0.8.8.202204050719/5dcf34a.
	at org.jacoco.core.analysis.Analyzer.analyzerError(Analyzer.java:163)
	at org.jacoco.core.analysis.Analyzer.analyzeClass(Analyzer.java:135)
	at org.jacoco.core.analysis.Analyzer.analyzeClass(Analyzer.java:158)
	at eu.stamp_project.testrunner.listener.impl.CoverageCollectorDetailedCompressed.transformJacocoObject(CoverageCollectorDetailedCompressed.java:32)
	at eu.stamp_project.testrunner.listener.impl.CoverageCollectorDetailedCompressed.transformJacocoObject(CoverageCollectorDetailedCompressed.java:21)
	at eu.stamp_project.testrunner.listener.impl.OnlineCoveredTestResultPerTestMethodImpl.lambda$computeCoverages$4(OnlineCoveredTestResultPerTestMethodImpl.java:155)
	at java.base/java.util.stream.ForEachOps$ForEachOp$OfRef.accept(ForEachOps.java:183)
	at java.base/java.util.HashMap$EntrySpliterator.forEachRemaining(HashMap.java:1764)
	at java.base/java.util.stream.AbstractPipeline.copyInto(AbstractPipeline.java:484)
	at java.base/java.util.stream.ForEachOps$ForEachTask.compute(ForEachOps.java:290)
	at java.base/java.util.concurrent.CountedCompleter.exec(CountedCompleter.java:746)
	at java.base/java.util.concurrent.ForkJoinTask.doExec(ForkJoinTask.java:290)
	at java.base/java.util.concurrent.ForkJoinTask.doInvoke(ForkJoinTask.java:408)
	at java.base/java.util.concurrent.ForkJoinTask.invoke(ForkJoinTask.java:736)
	at java.base/java.util.stream.ForEachOps$ForEachOp.evaluateParallel(ForEachOps.java:159)
	at java.base/java.util.stream.ForEachOps$ForEachOp$OfRef.evaluateParallel(ForEachOps.java:173)
	at java.base/java.util.stream.AbstractPipeline.evaluate(AbstractPipeline.java:233)
	at java.base/java.util.stream.ReferencePipeline.forEach(ReferencePipeline.java:497)
	at java.base/java.util.stream.ReferencePipeline$Head.forEach(ReferencePipeline.java:661)
	at eu.stamp_project.testrunner.listener.impl.OnlineCoveredTestResultPerTestMethodImpl.computeCoverages(OnlineCoveredTestResultPerTestMethodImpl.java:154)
	at eu.stamp_project.testrunner.listener.junit4.OnlineCoveredTestResultsPerJUnit4TestMethod.computeCoverages(OnlineCoveredTestResultsPerJUnit4TestMethod.java:130)
	at eu.stamp_project.testrunner.runner.coverage.JUnit4OnlineJacocoRunner.executeCoveredTestPerTestMethod(JUnit4OnlineJacocoRunner.java:47)
	at eu.stamp_project.testrunner.runner.coverage.JacocoOnlineRunner.runCoveredTestResultPerTestMethod(JacocoOnlineRunner.java:57)
	at eu.stamp_project.testrunner.runner.coverage.JUnit4OnlineJacocoRunner.main(JUnit4OnlineJacocoRunner.java:59)
Caused by: java.lang.IllegalArgumentException
	at org.objectweb.asm.ClassVisitor.<init>(Unknown Source)
	at org.jacoco.core.internal.flow.ClassProbesVisitor.<init>(ClassProbesVisitor.java:38)
	at org.jacoco.core.internal.flow.ClassProbesVisitor.<init>(ClassProbesVisitor.java:28)
	at org.jacoco.core.internal.analysis.ClassAnalyzer.<init>(ClassAnalyzer.java:59)
	at org.jacoco.core.analysis.Analyzer$1.<init>(Analyzer.java:98)
	at org.jacoco.core.analysis.Analyzer.createAnalyzingVisitor(Analyzer.java:95)
	at org.jacoco.core.analysis.Analyzer.analyzeClass(Analyzer.java:115)
	at org.jacoco.core.analysis.Analyzer.analyzeClass(Analyzer.java:133)
	... 22 more
java.io.IOException: Error while analyzing ./ with JaCoCo 0.8.8.202204050719/5dcf34a.
	at org.jacoco.core.analysis.Analyzer.analyzerError(Analyzer.java:163)
	at org.jacoco.core.analysis.Analyzer.analyzeClass(Analyzer.java:135)
	at org.jacoco.core.analysis.Analyzer.analyzeClass(Analyzer.java:158)
	at eu.stamp_project.testrunner.listener.impl.CoverageCollectorDetailedCompressed.transformJacocoObject(CoverageCollectorDetailedCompressed.java:32)
	at eu.stamp_project.testrunner.listener.impl.CoverageCollectorDetailedCompressed.transformJacocoObject(CoverageCollectorDetailedCompressed.java:21)
	at eu.stamp_project.testrunner.listener.impl.OnlineCoveredTestResultPerTestMethodImpl.lambda$computeCoverages$4(OnlineCoveredTestResultPerTestMethodImpl.java:155)
	at java.base/java.util.stream.ForEachOps$ForEachOp$OfRef.accept(ForEachOps.java:183)
	at java.base/java.util.HashMap$EntrySpliterator.forEachRemaining(HashMap.java:1764)
	at java.base/java.util.stream.AbstractPipeline.copyInto(AbstractPipeline.java:484)
	at java.base/java.util.stream.ForEachOps$ForEachTask.compute(ForEachOps.java:290)
	at java.base/java.util.concurrent.CountedCompleter.exec(CountedCompleter.java:746)
	at java.base/java.util.concurrent.ForkJoinTask.doExec(ForkJoinTask.java:290)
	at java.base/java.util.concurrent.ForkJoinTask.doInvoke(ForkJoinTask.java:408)
	at java.base/java.util.concurrent.ForkJoinTask.invoke(ForkJoinTask.java:736)
	at java.base/java.util.stream.ForEachOps$ForEachOp.evaluateParallel(ForEachOps.java:159)
	at java.base/java.util.stream.ForEachOps$ForEachOp$OfRef.evaluateParallel(ForEachOps.java:173)
	at java.base/java.util.stream.AbstractPipeline.evaluate(AbstractPipeline.java:233)
	at java.base/java.util.stream.ReferencePipeline.forEach(ReferencePipeline.java:497)
	at java.base/java.util.stream.ReferencePipeline$Head.forEach(ReferencePipeline.java:661)
	at eu.stamp_project.testrunner.listener.impl.OnlineCoveredTestResultPerTestMethodImpl.computeCoverages(OnlineCoveredTestResultPerTestMethodImpl.java:154)
	at eu.stamp_project.testrunner.listener.junit4.OnlineCoveredTestResultsPerJUnit4TestMethod.computeCoverages(OnlineCoveredTestResultsPerJUnit4TestMethod.java:130)
	at eu.stamp_project.testrunner.runner.coverage.JUnit4OnlineJacocoRunner.executeCoveredTestPerTestMethod(JUnit4OnlineJacocoRunner.java:47)
	at eu.stamp_project.testrunner.runner.coverage.JacocoOnlineRunner.runCoveredTestResultPerTestMethod(JacocoOnlineRunner.java:57)
	at eu.stamp_project.testrunner.runner.coverage.JUnit4OnlineJacocoRunner.main(JUnit4OnlineJacocoRunner.java:59)
Caused by: java.lang.IllegalArgumentException
	at org.objectweb.asm.ClassVisitor.<init>(Unknown Source)
	at org.jacoco.core.internal.flow.ClassProbesVisitor.<init>(ClassProbesVisitor.java:38)
	at org.jacoco.core.internal.flow.ClassProbesVisitor.<init>(ClassProbesVisitor.java:28)
	at org.jacoco.core.internal.analysis.ClassAnalyzer.<init>(ClassAnalyzer.java:59)
	at org.jacoco.core.analysis.Analyzer$1.<init>(Analyzer.java:98)
	at org.jacoco.core.analysis.Analyzer.createAnalyzingVisitor(Analyzer.java:95)
	at org.jacoco.core.analysis.Analyzer.analyzeClass(Analyzer.java:115)
	at org.jacoco.core.analysis.Analyzer.analyzeClass(Analyzer.java:133)
	... 22 more
java.io.IOException: Error while analyzing ./ with JaCoCo 0.8.8.202204050719/5dcf34a.
	at org.jacoco.core.analysis.Analyzer.analyzerError(Analyzer.java:163)
	at org.jacoco.core.analysis.Analyzer.analyzeClass(Analyzer.java:135)
	at org.jacoco.core.analysis.Analyzer.analyzeClass(Analyzer.java:158)
	at eu.stamp_project.testrunner.listener.impl.CoverageCollectorDetailedCompressed.transformJacocoObject(CoverageCollectorDetailedCompressed.java:32)
	at eu.stamp_project.testrunner.listener.impl.CoverageCollectorDetailedCompressed.transformJacocoObject(CoverageCollectorDetailedCompressed.java:21)
	at eu.stamp_project.testrunner.listener.impl.OnlineCoveredTestResultPerTestMethodImpl.lambda$computeCoverages$4(OnlineCoveredTestResultPerTestMethodImpl.java:155)
	at java.base/java.util.stream.ForEachOps$ForEachOp$OfRef.accept(ForEachOps.java:183)
	at java.base/java.util.HashMap$EntrySpliterator.forEachRemaining(HashMap.java:1764)
	at java.base/java.util.stream.AbstractPipeline.copyInto(AbstractPipeline.java:484)
	at java.base/java.util.stream.ForEachOps$ForEachTask.compute(ForEachOps.java:290)
	at java.base/java.util.concurrent.CountedCompleter.exec(CountedCompleter.java:746)
	at java.base/java.util.concurrent.ForkJoinTask.doExec(ForkJoinTask.java:290)
	at java.base/java.util.concurrent.ForkJoinTask.doInvoke(ForkJoinTask.java:408)
	at java.base/java.util.concurrent.ForkJoinTask.invoke(ForkJoinTask.java:736)
	at java.base/java.util.stream.ForEachOps$ForEachOp.evaluateParallel(ForEachOps.java:159)
	at java.base/java.util.stream.ForEachOps$ForEachOp$OfRef.evaluateParallel(ForEachOps.java:173)
	at java.base/java.util.stream.AbstractPipeline.evaluate(AbstractPipeline.java:233)
	at java.base/java.util.stream.ReferencePipeline.forEach(ReferencePipeline.java:497)
	at java.base/java.util.stream.ReferencePipeline$Head.forEach(ReferencePipeline.java:661)
	at eu.stamp_project.testrunner.listener.impl.OnlineCoveredTestResultPerTestMethodImpl.computeCoverages(OnlineCoveredTestResultPerTestMethodImpl.java:154)
	at eu.stamp_project.testrunner.listener.junit4.OnlineCoveredTestResultsPerJUnit4TestMethod.computeCoverages(OnlineCoveredTestResultsPerJUnit4TestMethod.java:130)
	at eu.stamp_project.testrunner.runner.coverage.JUnit4OnlineJacocoRunner.executeCoveredTestPerTestMethod(JUnit4OnlineJacocoRunner.java:47)
	at eu.stamp_project.testrunner.runner.coverage.JacocoOnlineRunner.runCoveredTestResultPerTestMethod(JacocoOnlineRunner.java:57)
	at eu.stamp_project.testrunner.runner.coverage.JUnit4OnlineJacocoRunner.main(JUnit4OnlineJacocoRunner.java:59)
Caused by: java.lang.IllegalArgumentException
	at org.objectweb.asm.ClassVisitor.<init>(Unknown Source)
	at org.jacoco.core.internal.flow.ClassProbesVisitor.<init>(ClassProbesVisitor.java:38)
	at org.jacoco.core.internal.flow.ClassProbesVisitor.<init>(ClassProbesVisitor.java:28)
	at org.jacoco.core.internal.analysis.ClassAnalyzer.<init>(ClassAnalyzer.java:59)
	at org.jacoco.core.analysis.Analyzer$1.<init>(Analyzer.java:98)
	at org.jacoco.core.analysis.Analyzer.createAnalyzingVisitor(Analyzer.java:95)
	at org.jacoco.core.analysis.Analyzer.analyzeClass(Analyzer.java:115)
	at org.jacoco.core.analysis.Analyzer.analyzeClass(Analyzer.java:133)
	... 22 more
java.io.IOException: Error while analyzing ./ with JaCoCo 0.8.8.202204050719/5dcf34a.
	at org.jacoco.core.analysis.Analyzer.analyzerError(Analyzer.java:163)
	at org.jacoco.core.analysis.Analyzer.analyzeClass(Analyzer.java:135)
	at org.jacoco.core.analysis.Analyzer.analyzeClass(Analyzer.java:158)
	at eu.stamp_project.testrunner.listener.impl.CoverageCollectorDetailedCompressed.transformJacocoObject(CoverageCollectorDetailedCompressed.java:32)
	at eu.stamp_project.testrunner.listener.impl.CoverageCollectorDetailedCompressed.transformJacocoObject(CoverageCollectorDetailedCompressed.java:21)
	at eu.stamp_project.testrunner.listener.impl.OnlineCoveredTestResultPerTestMethodImpl.lambda$computeCoverages$4(OnlineCoveredTestResultPerTestMethodImpl.java:155)
	at java.base/java.util.stream.ForEachOps$ForEachOp$OfRef.accept(ForEachOps.java:183)
	at java.base/java.util.HashMap$EntrySpliterator.forEachRemaining(HashMap.java:1764)
	at java.base/java.util.stream.AbstractPipeline.copyInto(AbstractPipeline.java:484)
	at java.base/java.util.stream.ForEachOps$ForEachTask.compute(ForEachOps.java:290)
	at java.base/java.util.concurrent.CountedCompleter.exec(CountedCompleter.java:746)
	at java.base/java.util.concurrent.ForkJoinTask.doExec(ForkJoinTask.java:290)
	at java.base/java.util.concurrent.ForkJoinTask.doInvoke(ForkJoinTask.java:408)
	at java.base/java.util.concurrent.ForkJoinTask.invoke(ForkJoinTask.java:736)
	at java.base/java.util.stream.ForEachOps$ForEachOp.evaluateParallel(ForEachOps.java:159)
	at java.base/java.util.stream.ForEachOps$ForEachOp$OfRef.evaluateParallel(ForEachOps.java:173)
	at java.base/java.util.stream.AbstractPipeline.evaluate(AbstractPipeline.java:233)
	at java.base/java.util.stream.ReferencePipeline.forEach(ReferencePipeline.java:497)
	at java.base/java.util.stream.ReferencePipeline$Head.forEach(ReferencePipeline.java:661)
	at eu.stamp_project.testrunner.listener.impl.OnlineCoveredTestResultPerTestMethodImpl.computeCoverages(OnlineCoveredTestResultPerTestMethodImpl.java:154)
	at eu.stamp_project.testrunner.listener.junit4.OnlineCoveredTestResultsPerJUnit4TestMethod.computeCoverages(OnlineCoveredTestResultsPerJUnit4TestMethod.java:130)
	at eu.stamp_project.testrunner.runner.coverage.JUnit4OnlineJacocoRunner.executeCoveredTestPerTestMethod(JUnit4OnlineJacocoRunner.java:47)
	at eu.stamp_project.testrunner.runner.coverage.JacocoOnlineRunner.runCoveredTestResultPerTestMethod(JacocoOnlineRunner.java:57)
	at eu.stamp_project.testrunner.runner.coverage.JUnit4OnlineJacocoRunner.main(JUnit4OnlineJacocoRunner.java:59)
Caused by: java.lang.IllegalArgumentException
	at org.objectweb.asm.ClassVisitor.<init>(Unknown Source)
	at org.jacoco.core.internal.flow.ClassProbesVisitor.<init>(ClassProbesVisitor.java:38)
	at org.jacoco.core.internal.flow.ClassProbesVisitor.<init>(ClassProbesVisitor.java:28)
	at org.jacoco.core.internal.analysis.ClassAnalyzer.<init>(ClassAnalyzer.java:59)
	at org.jacoco.core.analysis.Analyzer$1.<init>(Analyzer.java:98)
	at org.jacoco.core.analysis.Analyzer.createAnalyzingVisitor(Analyzer.java:95)
	at org.jacoco.core.analysis.Analyzer.analyzeClass(Analyzer.java:115)
	at org.jacoco.core.analysis.Analyzer.analyzeClass(Analyzer.java:133)
	... 22 more
java.io.IOException: Error while analyzing ./ with JaCoCo 0.8.8.202204050719/5dcf34a.
	at org.jacoco.core.analysis.Analyzer.analyzerError(Analyzer.java:163)
	at org.jacoco.core.analysis.Analyzer.analyzeClass(Analyzer.java:135)
	at org.jacoco.core.analysis.Analyzer.analyzeClass(Analyzer.java:158)
	at eu.stamp_project.testrunner.listener.impl.CoverageCollectorDetailedCompressed.transformJacocoObject(CoverageCollectorDetailedCompressed.java:32)
	at eu.stamp_project.testrunner.listener.impl.CoverageCollectorDetailedCompressed.transformJacocoObject(CoverageCollectorDetailedCompressed.java:21)
	at eu.stamp_project.testrunner.listener.impl.OnlineCoveredTestResultPerTestMethodImpl.lambda$computeCoverages$4(OnlineCoveredTestResultPerTestMethodImpl.java:155)
	at java.base/java.util.stream.ForEachOps$ForEachOp$OfRef.accept(ForEachOps.java:183)
	at java.base/java.util.HashMap$EntrySpliterator.forEachRemaining(HashMap.java:1764)
	at java.base/java.util.stream.AbstractPipeline.copyInto(AbstractPipeline.java:484)
	at java.base/java.util.stream.ForEachOps$ForEachTask.compute(ForEachOps.java:290)
	at java.base/java.util.concurrent.CountedCompleter.exec(CountedCompleter.java:746)
	at java.base/java.util.concurrent.ForkJoinTask.doExec(ForkJoinTask.java:290)
	at java.base/java.util.concurrent.ForkJoinTask.doInvoke(ForkJoinTask.java:408)
	at java.base/java.util.concurrent.ForkJoinTask.invoke(ForkJoinTask.java:736)
	at java.base/java.util.stream.ForEachOps$ForEachOp.evaluateParallel(ForEachOps.java:159)
	at java.base/java.util.stream.ForEachOps$ForEachOp$OfRef.evaluateParallel(ForEachOps.java:173)
	at java.base/java.util.stream.AbstractPipeline.evaluate(AbstractPipeline.java:233)
	at java.base/java.util.stream.ReferencePipeline.forEach(ReferencePipeline.java:497)
	at java.base/java.util.stream.ReferencePipeline$Head.forEach(ReferencePipeline.java:661)
	at eu.stamp_project.testrunner.listener.impl.OnlineCoveredTestResultPerTestMethodImpl.computeCoverages(OnlineCoveredTestResultPerTestMethodImpl.java:154)
	at eu.stamp_project.testrunner.listener.junit4.OnlineCoveredTestResultsPerJUnit4TestMethod.computeCoverages(OnlineCoveredTestResultsPerJUnit4TestMethod.java:130)
	at eu.stamp_project.testrunner.runner.coverage.JUnit4OnlineJacocoRunner.executeCoveredTestPerTestMethod(JUnit4OnlineJacocoRunner.java:47)
	at eu.stamp_project.testrunner.runner.coverage.JacocoOnlineRunner.runCoveredTestResultPerTestMethod(JacocoOnlineRunner.java:57)
	at eu.stamp_project.testrunner.runner.coverage.JUnit4OnlineJacocoRunner.main(JUnit4OnlineJacocoRunner.java:59)
Caused by: java.lang.IllegalArgumentException
	at org.objectweb.asm.ClassVisitor.<init>(Unknown Source)
	at org.jacoco.core.internal.flow.ClassProbesVisitor.<init>(ClassProbesVisitor.java:38)
	at org.jacoco.core.internal.flow.ClassProbesVisitor.<init>(ClassProbesVisitor.java:28)
	at org.jacoco.core.internal.analysis.ClassAnalyzer.<init>(ClassAnalyzer.java:59)
	at org.jacoco.core.analysis.Analyzer$1.<init>(Analyzer.java:98)
	at org.jacoco.core.analysis.Analyzer.createAnalyzingVisitor(Analyzer.java:95)
	at org.jacoco.core.analysis.Analyzer.analyzeClass(Analyzer.java:115)
	at org.jacoco.core.analysis.Analyzer.analyzeClass(Analyzer.java:133)
	... 22 more
java.io.IOException: Error while analyzing ./ with JaCoCo 0.8.8.202204050719/5dcf34a.
	at org.jacoco.core.analysis.Analyzer.analyzerError(Analyzer.java:163)
	at org.jacoco.core.analysis.Analyzer.analyzeClass(Analyzer.java:135)
	at org.jacoco.core.analysis.Analyzer.analyzeClass(Analyzer.java:158)
	at eu.stamp_project.testrunner.listener.impl.CoverageCollectorDetailedCompressed.transformJacocoObject(CoverageCollectorDetailedCompressed.java:32)
	at eu.stamp_project.testrunner.listener.impl.CoverageCollectorDetailedCompressed.transformJacocoObject(CoverageCollectorDetailedCompressed.java:21)
	at eu.stamp_project.testrunner.listener.impl.OnlineCoveredTestResultPerTestMethodImpl.lambda$computeCoverages$4(OnlineCoveredTestResultPerTestMethodImpl.java:155)
	at java.base/java.util.stream.ForEachOps$ForEachOp$OfRef.accept(ForEachOps.java:183)
	at java.base/java.util.HashMap$EntrySpliterator.forEachRemaining(HashMap.java:1764)
	at java.base/java.util.stream.AbstractPipeline.copyInto(AbstractPipeline.java:484)
	at java.base/java.util.stream.ForEachOps$ForEachTask.compute(ForEachOps.java:290)
	at java.base/java.util.concurrent.CountedCompleter.exec(CountedCompleter.java:746)
	at java.base/java.util.concurrent.ForkJoinTask.doExec(ForkJoinTask.java:290)
	at java.base/java.util.concurrent.ForkJoinTask.doInvoke(ForkJoinTask.java:408)
	at java.base/java.util.concurrent.ForkJoinTask.invoke(ForkJoinTask.java:736)
	at java.base/java.util.stream.ForEachOps$ForEachOp.evaluateParallel(ForEachOps.java:159)
	at java.base/java.util.stream.ForEachOps$ForEachOp$OfRef.evaluateParallel(ForEachOps.java:173)
	at java.base/java.util.stream.AbstractPipeline.evaluate(AbstractPipeline.java:233)
	at java.base/java.util.stream.ReferencePipeline.forEach(ReferencePipeline.java:497)
	at java.base/java.util.stream.ReferencePipeline$Head.forEach(ReferencePipeline.java:661)
	at eu.stamp_project.testrunner.listener.impl.OnlineCoveredTestResultPerTestMethodImpl.computeCoverages(OnlineCoveredTestResultPerTestMethodImpl.java:154)
	at eu.stamp_project.testrunner.listener.junit4.OnlineCoveredTestResultsPerJUnit4TestMethod.computeCoverages(OnlineCoveredTestResultsPerJUnit4TestMethod.java:130)
	at eu.stamp_project.testrunner.runner.coverage.JUnit4OnlineJacocoRunner.executeCoveredTestPerTestMethod(JUnit4OnlineJacocoRunner.java:47)
	at eu.stamp_project.testrunner.runner.coverage.JacocoOnlineRunner.runCoveredTestResultPerTestMethod(JacocoOnlineRunner.java:57)
	at eu.stamp_project.testrunner.runner.coverage.JUnit4OnlineJacocoRunner.main(JUnit4OnlineJacocoRunner.java:59)
Caused by: java.lang.IllegalArgumentException
	at org.objectweb.asm.ClassVisitor.<init>(Unknown Source)
	at org.jacoco.core.internal.flow.ClassProbesVisitor.<init>(ClassProbesVisitor.java:38)
	at org.jacoco.core.internal.flow.ClassProbesVisitor.<init>(ClassProbesVisitor.java:28)
	at org.jacoco.core.internal.analysis.ClassAnalyzer.<init>(ClassAnalyzer.java:59)
	at org.jacoco.core.analysis.Analyzer$1.<init>(Analyzer.java:98)
	at org.jacoco.core.analysis.Analyzer.createAnalyzingVisitor(Analyzer.java:95)
	at org.jacoco.core.analysis.Analyzer.analyzeClass(Analyzer.java:115)
	at org.jacoco.core.analysis.Analyzer.analyzeClass(Analyzer.java:133)
	... 22 more
java.io.IOException: Error while analyzing ./ with JaCoCo 0.8.8.202204050719/5dcf34a.
	at org.jacoco.core.analysis.Analyzer.analyzerError(Analyzer.java:163)
	at org.jacoco.core.analysis.Analyzer.analyzeClass(Analyzer.java:135)
	at org.jacoco.core.analysis.Analyzer.analyzeClass(Analyzer.java:158)
	at eu.stamp_project.testrunner.listener.impl.CoverageCollectorDetailedCompressed.transformJacocoObject(CoverageCollectorDetailedCompressed.java:32)
	at eu.stamp_project.testrunner.listener.impl.CoverageCollectorDetailedCompressed.transformJacocoObject(CoverageCollectorDetailedCompressed.java:21)
	at eu.stamp_project.testrunner.listener.impl.OnlineCoveredTestResultPerTestMethodImpl.lambda$computeCoverages$4(OnlineCoveredTestResultPerTestMethodImpl.java:155)
	at java.base/java.util.stream.ForEachOps$ForEachOp$OfRef.accept(ForEachOps.java:183)
	at java.base/java.util.HashMap$EntrySpliterator.forEachRemaining(HashMap.java:1764)
	at java.base/java.util.stream.AbstractPipeline.copyInto(AbstractPipeline.java:484)
	at java.base/java.util.stream.ForEachOps$ForEachTask.compute(ForEachOps.java:290)
	at java.base/java.util.concurrent.CountedCompleter.exec(CountedCompleter.java:746)
	at java.base/java.util.concurrent.ForkJoinTask.doExec(ForkJoinTask.java:290)
	at java.base/java.util.concurrent.ForkJoinTask.doInvoke(ForkJoinTask.java:408)
	at java.base/java.util.concurrent.ForkJoinTask.invoke(ForkJoinTask.java:736)
	at java.base/java.util.stream.ForEachOps$ForEachOp.evaluateParallel(ForEachOps.java:159)
	at java.base/java.util.stream.ForEachOps$ForEachOp$OfRef.evaluateParallel(ForEachOps.java:173)
	at java.base/java.util.stream.AbstractPipeline.evaluate(AbstractPipeline.java:233)
	at java.base/java.util.stream.ReferencePipeline.forEach(ReferencePipeline.java:497)
	at java.base/java.util.stream.ReferencePipeline$Head.forEach(ReferencePipeline.java:661)
	at eu.stamp_project.testrunner.listener.impl.OnlineCoveredTestResultPerTestMethodImpl.computeCoverages(OnlineCoveredTestResultPerTestMethodImpl.java:154)
	at eu.stamp_project.testrunner.listener.junit4.OnlineCoveredTestResultsPerJUnit4TestMethod.computeCoverages(OnlineCoveredTestResultsPerJUnit4TestMethod.java:130)
	at eu.stamp_project.testrunner.runner.coverage.JUnit4OnlineJacocoRunner.executeCoveredTestPerTestMethod(JUnit4OnlineJacocoRunner.java:47)
	at eu.stamp_project.testrunner.runner.coverage.JacocoOnlineRunner.runCoveredTestResultPerTestMethod(JacocoOnlineRunner.java:57)
	at eu.stamp_project.testrunner.runner.coverage.JUnit4OnlineJacocoRunner.main(JUnit4OnlineJacocoRunner.java:59)
Caused by: java.lang.IllegalArgumentException
	at org.objectweb.asm.ClassVisitor.<init>(Unknown Source)
	at org.jacoco.core.internal.flow.ClassProbesVisitor.<init>(ClassProbesVisitor.java:38)
	at org.jacoco.core.internal.flow.ClassProbesVisitor.<init>(ClassProbesVisitor.java:28)
	at org.jacoco.core.internal.analysis.ClassAnalyzer.<init>(ClassAnalyzer.java:59)
	at org.jacoco.core.analysis.Analyzer$1.<init>(Analyzer.java:98)
	at org.jacoco.core.analysis.Analyzer.createAnalyzingVisitor(Analyzer.java:95)
	at org.jacoco.core.analysis.Analyzer.analyzeClass(Analyzer.java:115)
	at org.jacoco.core.analysis.Analyzer.analyzeClass(Analyzer.java:133)
	... 22 more
